Using pre-set license
Built from '2020.3/release' branch; Version is '2020.3.1f1 (77a89f25062f) revision 7841951'; Using compiler version '192528614'; Build Type 'Release'
OS: 'Windows 10 Pro; OS build 19042.985; Version 2009; 64bit' Language: 'ko' Physical Memory: 32702 MB
BatchMode: 1, IsHumanControllingUs: 0, StartBugReporterOnCrash: 0, Is64bit: 1, IsPro: 0

 COMMAND LINE ARGUMENTS:
D:\Unity\2020.3.1f1\Editor\Unity.exe
-adb2
-batchMode
-noUpm
-name
AssetImportWorker0
-projectPath
C:/Users/Admin/Desktop/GithubGame/1.Object RoomExit
-logFile
Logs/AssetImportWorker0.log
-srvPort
62877
Successfully changed project path to: C:/Users/Admin/Desktop/GithubGame/1.Object RoomExit
C:/Users/Admin/Desktop/GithubGame/1.Object RoomExit
Using Asset Import Pipeline V2.
Refreshing native plugins compatible for Editor in 22.39 ms, found 0 plugins.
Preloading 0 native plugins for Editor in 0.00 ms.
Initialize engine version: 2020.3.1f1 (77a89f25062f)
[Subsystems] Discovering subsystems at path D:/Unity/2020.3.1f1/Editor/Data/Resources/UnitySubsystems
[Subsystems] Discovering subsystems at path C:/Users/Admin/Desktop/GithubGame/1.Object RoomExit/Assets
GfxDevice: creating device client; threaded=0
Direct3D:
    Version:  Direct3D 11.0 [level 11.1]
    Renderer: NVIDIA GeForce RTX 2070 SUPER (ID=0x1e84)
    Vendor:   
    VRAM:     8011 MB
    Driver:   27.21.14.6172
Initialize mono
Mono path[0] = 'D:/Unity/2020.3.1f1/Editor/Data/Managed'
Mono path[1] = 'D:/Unity/2020.3.1f1/Editor/Data/MonoBleedingEdge/lib/mono/unityjit'
Mono config path = 'D:/Unity/2020.3.1f1/Editor/Data/MonoBleedingEdge/etc'
Using monoOptions --debugger-agent=transport=dt_socket,embedding=1,server=y,suspend=n,address=127.0.0.1:56024
Begin MonoManager ReloadAssembly
Registering precompiled unity dll's ...
Register platform support module: D:/Unity/2020.3.1f1/Editor/Data/PlaybackEngines/WebGLSupport/UnityEditor.WebGL.Extensions.dll
Register platform support module: D:/Unity/2020.3.1f1/Editor/Data/PlaybackEngines/WindowsStandaloneSupport/UnityEditor.WindowsStandalone.Extensions.dll
Registered in 0.001214 seconds.
Native extension for WindowsStandalone target not found
Native extension for WebGL target not found
Refreshing native plugins compatible for Editor in 23.10 ms, found 0 plugins.
Preloading 0 native plugins for Editor in 0.00 ms.
Invoked RoslynAnalysisRunner static constructor.
RoslynAnalysisRunner will not be running.
RoslynAnalysisRunner has terminated.
Mono: successfully reloaded assembly
- Completed reload, in  0.782 seconds
Platform modules already initialized, skipping
Registering precompiled user dll's ...
Registered in 0.000808 seconds.
Begin MonoManager ReloadAssembly
Native extension for WindowsStandalone target not found
Native extension for WebGL target not found
Refreshing native plugins compatible for Editor in 0.27 ms, found 0 plugins.
Preloading 0 native plugins for Editor in 0.00 ms.
Invoked RoslynAnalysisRunner static constructor.
RoslynAnalysisRunner will not be running.
RoslynAnalysisRunner has terminated.
Mono: successfully reloaded assembly
- Completed reload, in  0.661 seconds
Platform modules already initialized, skipping
========================================================================
Worker process is ready to serve import requests
Launched and connected shader compiler UnityShaderCompiler.exe after 0.04 seconds
Refreshing native plugins compatible for Editor in 0.28 ms, found 0 plugins.
Preloading 0 native plugins for Editor in 0.00 ms.
Unloading 1122 Unused Serialized files (Serialized files now loaded: 0)
System memory in use before: 61.3 MB.
System memory in use after: 61.3 MB.

Unloading 10 unused Assets to reduce memory usage. Loaded Objects now: 1578.
Total: 1.830700 ms (FindLiveObjects: 0.183400 ms CreateObjectMapping: 0.031600 ms MarkObjects: 1.528600 ms  DeleteObjects: 0.086200 ms)

========================================================================
Received Import Request.
  path: Assets/Hospital/_Textures/wall1_diff_spec.TIF
  artifactKey: Guid(3b297a4d0b53340cd8c0c8297becd090) Importer(815301076,1909f56bfc062723c751e8b465ee728b)
Start importing Assets/Hospital/_Textures/wall1_diff_spec.TIF using Guid(3b297a4d0b53340cd8c0c8297becd090) Importer(815301076,1909f56bfc062723c751e8b465ee728b)  -> (artifact id: 'c8f11eaa39f85c524f87d107b7535b5b') in 0.055443 seconds
  Import took 0.057527 seconds .

========================================================================
Received Import Request.
  Time since last request: 83.936982 seconds.
  path: Assets/Hospital/_Textures/wall1_diff_spec.TIF
  artifactKey: Guid(3b297a4d0b53340cd8c0c8297becd090) Importer(815301076,1909f56bfc062723c751e8b465ee728b)
Start importing Assets/Hospital/_Textures/wall1_diff_spec.TIF using Guid(3b297a4d0b53340cd8c0c8297becd090) Importer(815301076,1909f56bfc062723c751e8b465ee728b)  -> (artifact id: '70833799c1ffb95c91d1a2681ce149bf') in 0.018336 seconds
  Import took 0.020909 seconds .

AssetImportWorkerClient::OnTransportError - code=2 error=End of file
